2025-05-05 14:29:46,780 - INFO - Data Loading for Model training
2025-05-05 14:29:47,078 - INFO - Data load sucesfull
2025-05-05 14:29:47,078 - INFO - Data splitting started
2025-05-05 14:29:47,099 - INFO - ['hotel', 'lead_time', 'arrival_date_week_number', 'arrival_date_day_of_month', 'stays_in_weekend_nights', 'stays_in_week_nights', 'adults', 'children', 'babies', 'meal', 'market_segment', 'distribution_channel', 'is_repeated_guest', 'previous_cancellations', 'previous_bookings_not_canceled', 'reserved_room_type', 'deposit_type', 'agent', 'company', 'customer_type', 'adr', 'required_car_parking_spaces', 'total_of_special_requests', 'total_guests', 'year', 'month', 'day']
2025-05-05 14:29:47,158 - INFO - Data splitting done
2025-05-05 14:29:47,178 - INFO - Loaded hyperparamters :  {'learning_rate': [0.01, 0.05, 0.1], 'n_estimators': [100, 200, 300], 'max_depth': [5, 10, 15]}
2025-05-05 14:29:47,191 - INFO - Training model started
2025-05-05 14:31:09,300 - INFO - Model training completed
2025-05-05 14:31:09,300 - INFO - Best hyperparamters are : {'learning_rate': 0.1, 'max_depth': 15, 'n_estimators': 300}
2025-05-05 14:31:09,308 - INFO - Model evaluation sterted
2025-05-05 14:31:09,435 - INFO - Evaluation metrics : {'accuracy': 0.9988464765100671, 'precison': 0.9988471536784965, 'recall': 0.9988464765100671, 'f1_score': 0.9988462364939461, 'confusion_matrix': [[12040, 4], [18, 7010]]}
2025-05-05 14:31:09,451 - INFO - saving model
2025-05-05 14:31:09,469 - INFO - Model saved sucesfully
2025-05-05 17:32:47,687 - INFO - Data Ingestion has started
2025-05-05 17:32:47,688 - INFO - Directory for Ingestion Created
2025-05-05 17:32:47,943 - INFO - Raw data loaded successfully
2025-05-05 17:32:47,976 - INFO - Data splitted successfully
2025-05-05 17:32:48,808 - INFO - Train and Test data saved successfully
2025-05-05 17:32:49,864 - INFO - Starting the pipeline of Data Processing
2025-05-05 17:32:49,864 - INFO - Data Processing started
2025-05-05 17:32:50,068 - INFO - Data read successful | Data shape: (95508, 32)
2025-05-05 17:32:50,068 - INFO - Data Cleaning started
2025-05-05 17:32:50,162 - INFO - Data cleaned | Cleaned data shape: (95360, 26)
2025-05-05 17:32:50,769 - INFO - Processed data saved successfully
2025-05-05 17:32:50,769 - INFO - Data Processing Pipeline completed successfully
2025-05-05 17:32:53,038 - INFO - Starting feature engineering pipeline
2025-05-05 17:32:53,038 - INFO - Loading processed data
2025-05-05 17:32:53,226 - INFO - Data loaded successfully with shape: (95360, 26)
2025-05-05 17:32:53,227 - INFO - Starting feature construction
2025-05-05 17:32:53,228 - INFO - Feature construction completed
2025-05-05 17:32:53,228 - INFO - Handling 'reservation_status_date' feature
2025-05-05 17:32:53,278 - INFO - Successfully processed 'reservation_status_date' feature
2025-05-05 17:32:53,278 - INFO - Encoding categorical features using helper function
2025-05-05 17:32:53,364 - INFO - Categorical features encoded successfully: ['hotel', 'meal', 'market_segment', 'distribution_channel', 'reserved_room_type', 'deposit_type', 'customer_type']
2025-05-05 17:32:53,364 - INFO - Computing mutual information scores for all features
2025-05-05 17:32:55,707 - INFO - Mutual information scores:
                           Feature  Mutual Information
16                    deposit_type            0.130931
1                        lead_time            0.084287
17                           agent            0.077841
20                             adr            0.041857
13          previous_cancellations            0.040950
22       total_of_special_requests            0.036612
10                  market_segment            0.036447
21     required_car_parking_spaces            0.029914
25                           month            0.017941
11            distribution_channel            0.016819
24                            year            0.010991
18                         company            0.010171
19                   customer_type            0.009968
0                            hotel            0.009459
14  previous_bookings_not_canceled            0.008810
26                             day            0.007827
5             stays_in_week_nights            0.006948
2         arrival_date_week_number            0.004777
23                    total_guests            0.004380
12               is_repeated_guest            0.003890
6                           adults            0.003679
15              reserved_room_type            0.002852
3        arrival_date_day_of_month            0.001348
9                             meal            0.001309
8                           babies            0.000699
4          stays_in_weekend_nights            0.000443
7                         children            0.000401
2025-05-05 17:32:55,708 - INFO - Saving engineered data
2025-05-05 17:32:56,176 - INFO - Engineered data saved at ./artifacts\engineered_data\final_df.csv
2025-05-05 17:32:56,176 - INFO - Feature engineering pipeline completed successfully
2025-05-05 17:32:56,176 - INFO - End of feature engineering pipeline
2025-05-05 17:33:01,950 - INFO - Data Loading for Model training
2025-05-05 17:33:02,093 - INFO - Data load sucesfull
2025-05-05 17:33:02,093 - INFO - Data splitting started
2025-05-05 17:33:02,099 - INFO - ['hotel', 'lead_time', 'arrival_date_week_number', 'arrival_date_day_of_month', 'stays_in_weekend_nights', 'stays_in_week_nights', 'adults', 'children', 'babies', 'meal', 'market_segment', 'distribution_channel', 'is_repeated_guest', 'previous_cancellations', 'previous_bookings_not_canceled', 'reserved_room_type', 'deposit_type', 'agent', 'company', 'customer_type', 'adr', 'required_car_parking_spaces', 'total_of_special_requests', 'total_guests', 'year', 'month', 'day']
2025-05-05 17:33:02,120 - INFO - Data splitting done
2025-05-05 17:33:02,135 - INFO - Loaded hyperparamters :  {'learning_rate': [0.01, 0.05, 0.1], 'n_estimators': [100, 200, 300], 'max_depth': [5, 10, 15]}
2025-05-05 17:33:02,143 - INFO - Training model started
2025-05-05 17:34:04,236 - INFO - Model training completed
2025-05-05 17:34:04,236 - INFO - Best hyperparamters are : {'learning_rate': 0.1, 'max_depth': 15, 'n_estimators': 300}
2025-05-05 17:34:04,243 - INFO - Model evaluation sterted
2025-05-05 17:34:04,385 - INFO - Evaluation metrics : {'accuracy': 0.9988464765100671, 'precison': 0.9988471536784965, 'recall': 0.9988464765100671, 'f1_score': 0.9988462364939461, 'confusion_matrix': [[12040, 4], [18, 7010]]}
2025-05-05 17:34:04,403 - INFO - saving model
2025-05-05 17:34:04,419 - INFO - Model saved sucesfully
